                                                                                                                        
>>>>>>>>>>>>>>>>>>>>>>>>>>>>>>>>>>>>>>>>>>>>>>>>>>>>>>>>>>>>>>>>>>>>>>>>>>>>>>>>>>>>>>>>>>>>>>>>>>>>>>>>>>>>>>>>>>>>>>>>
2024-04-13 21:18:45,079 - INFO - START create_readme_md =============================================
2024-04-13 21:18:45,079 - INFO - START create_readme_md Start Time = 2024-04-13 21:18:45
2024-04-13 21:18:45,079 - INFO - create_readme_md Step 0 - Initialize the configuration file parser
2024-04-13 21:18:45,079 - INFO - Process create_readme_md Step 0 - Initializing and starting Logging Process.
2024-04-13 21:18:45,185 - INFO - PERFORMANCE create_readme_md The total process duration was:0.11
2024-04-13 21:18:45,185 - INFO - PERFORMANCE create_readme_md Stop Time = 2024-04-13 21:18:45
2024-04-13 21:18:45,185 - INFO - PERFORMANCE create_readme_md Short process duration less than 3 Seconds:0.11
2024-04-13 21:18:45,185 - INFO - PERFORMANCE create_readme_md Performance optimization is not reccomended
2024-04-13 21:18:45,185 - INFO - END create_readme_md =============================================

<<<<<<<<<<<<<<<<<<<<<<<<<<<<<<<<<<<<<<<<<<<<<<<<<<<<<<<<<<<<<<<<<<<<<<<<<<<<<<<<<<<<<<<<<<<<<<<<<<<<<<<<<<<<<<<<<<<<<<<<
                                                                                                                        
                                                                                                                        
>>>>>>>>>>>>>>>>>>>>>>>>>>>>>>>>>>>>>>>>>>>>>>>>>>>>>>>>>>>>>>>>>>>>>>>>>>>>>>>>>>>>>>>>>>>>>>>>>>>>>>>>>>>>>>>>>>>>>>>>
2024-04-13 21:22:00,961 - INFO - START create_readme_md =============================================
2024-04-13 21:22:00,961 - INFO - START create_readme_md Start Time = 2024-04-13 21:22:00
2024-04-13 21:22:00,961 - INFO - create_readme_md Step 0 - Initialize the configuration file parser
2024-04-13 21:22:00,961 - INFO - Process create_readme_md Step 0 - Initializing and starting Logging Process.
2024-04-13 21:22:01,068 - INFO - PERFORMANCE create_readme_md The total process duration was:0.11
2024-04-13 21:22:01,068 - INFO - PERFORMANCE create_readme_md Stop Time = 2024-04-13 21:22:01
2024-04-13 21:22:01,068 - INFO - PERFORMANCE create_readme_md Short process duration less than 3 Seconds:0.11
2024-04-13 21:22:01,068 - INFO - PERFORMANCE create_readme_md Performance optimization is not reccomended
2024-04-13 21:22:01,068 - INFO - END create_readme_md =============================================

<<<<<<<<<<<<<<<<<<<<<<<<<<<<<<<<<<<<<<<<<<<<<<<<<<<<<<<<<<<<<<<<<<<<<<<<<<<<<<<<<<<<<<<<<<<<<<<<<<<<<<<<<<<<<<<<<<<<<<<<
                                                                                                                        
                                                                                                                        
>>>>>>>>>>>>>>>>>>>>>>>>>>>>>>>>>>>>>>>>>>>>>>>>>>>>>>>>>>>>>>>>>>>>>>>>>>>>>>>>>>>>>>>>>>>>>>>>>>>>>>>>>>>>>>>>>>>>>>>>
2024-04-13 21:29:38,459 - INFO - START create_readme_md =============================================
2024-04-13 21:29:38,459 - INFO - START create_readme_md Start Time = 2024-04-13 21:29:38
2024-04-13 21:29:38,459 - INFO - create_readme_md Step 0 - Initialize the configuration file parser
2024-04-13 21:29:38,459 - INFO - Process create_readme_md Step 0 - Initializing and starting Logging Process.
2024-04-13 21:29:38,565 - INFO - PERFORMANCE create_readme_md The total process duration was:0.11
2024-04-13 21:29:38,565 - INFO - PERFORMANCE create_readme_md Stop Time = 2024-04-13 21:29:38
2024-04-13 21:29:38,565 - INFO - PERFORMANCE create_readme_md Short process duration less than 3 Seconds:0.11
2024-04-13 21:29:38,565 - INFO - PERFORMANCE create_readme_md Performance optimization is not reccomended
2024-04-13 21:29:38,565 - INFO - END create_readme_md =============================================

<<<<<<<<<<<<<<<<<<<<<<<<<<<<<<<<<<<<<<<<<<<<<<<<<<<<<<<<<<<<<<<<<<<<<<<<<<<<<<<<<<<<<<<<<<<<<<<<<<<<<<<<<<<<<<<<<<<<<<<<
                                                                                                                        
                                                                                                                        
>>>>>>>>>>>>>>>>>>>>>>>>>>>>>>>>>>>>>>>>>>>>>>>>>>>>>>>>>>>>>>>>>>>>>>>>>>>>>>>>>>>>>>>>>>>>>>>>>>>>>>>>>>>>>>>>>>>>>>>>
2024-04-13 22:19:53,754 - INFO - START create_readme_md =============================================
2024-04-13 22:19:53,754 - INFO - START create_readme_md Start Time = 2024-04-13 22:19:53
2024-04-13 22:19:53,754 - INFO - create_readme_md Step 0 - Initialize the configuration file parser
2024-04-13 22:19:53,754 - INFO - Process create_readme_md Step 0 - Initializing and starting Logging Process.
2024-04-13 22:19:53,893 - INFO - PERFORMANCE create_readme_md The total process duration was:0.14
2024-04-13 22:19:53,893 - INFO - PERFORMANCE create_readme_md Stop Time = 2024-04-13 22:19:53
2024-04-13 22:19:53,893 - INFO - PERFORMANCE create_readme_md Short process duration less than 3 Seconds:0.14
2024-04-13 22:19:53,893 - INFO - PERFORMANCE create_readme_md Performance optimization is not reccomended
2024-04-13 22:19:53,893 - INFO - END create_readme_md =============================================

<<<<<<<<<<<<<<<<<<<<<<<<<<<<<<<<<<<<<<<<<<<<<<<<<<<<<<<<<<<<<<<<<<<<<<<<<<<<<<<<<<<<<<<<<<<<<<<<<<<<<<<<<<<<<<<<<<<<<<<<
                                                                                                                        
                                                                                                                        
>>>>>>>>>>>>>>>>>>>>>>>>>>>>>>>>>>>>>>>>>>>>>>>>>>>>>>>>>>>>>>>>>>>>>>>>>>>>>>>>>>>>>>>>>>>>>>>>>>>>>>>>>>>>>>>>>>>>>>>>
2024-04-13 23:22:05,167 - INFO - START create_readme_md =============================================
2024-04-13 23:22:05,167 - INFO - START create_readme_md Start Time = 2024-04-13 23:22:05
2024-04-13 23:22:05,167 - INFO - create_readme_md Step 0 - Initialize the configuration file parser
2024-04-13 23:22:05,167 - INFO - Process create_readme_md Step 0 - Initializing and starting Logging Process.
2024-04-13 23:22:05,355 - INFO - PERFORMANCE create_readme_md The total process duration was:0.19
2024-04-13 23:22:05,356 - INFO - PERFORMANCE create_readme_md Stop Time = 2024-04-13 23:22:05
2024-04-13 23:22:05,356 - INFO - PERFORMANCE create_readme_md Short process duration less than 3 Seconds:0.19
2024-04-13 23:22:05,356 - INFO - PERFORMANCE create_readme_md Performance optimization is not reccomended
2024-04-13 23:22:05,356 - INFO - END create_readme_md =============================================

<<<<<<<<<<<<<<<<<<<<<<<<<<<<<<<<<<<<<<<<<<<<<<<<<<<<<<<<<<<<<<<<<<<<<<<<<<<<<<<<<<<<<<<<<<<<<<<<<<<<<<<<<<<<<<<<<<<<<<<<
                                                                                                                        
                                                                                                                        
>>>>>>>>>>>>>>>>>>>>>>>>>>>>>>>>>>>>>>>>>>>>>>>>>>>>>>>>>>>>>>>>>>>>>>>>>>>>>>>>>>>>>>>>>>>>>>>>>>>>>>>>>>>>>>>>>>>>>>>>
2024-04-13 23:23:17,805 - INFO - START create_readme_md =============================================
2024-04-13 23:23:17,805 - INFO - START create_readme_md Start Time = 2024-04-13 23:23:17
2024-04-13 23:23:17,806 - INFO - create_readme_md Step 0 - Initialize the configuration file parser
2024-04-13 23:23:17,806 - INFO - Process create_readme_md Step 0 - Initializing and starting Logging Process.
2024-04-13 23:23:17,991 - INFO - PERFORMANCE create_readme_md The total process duration was:0.19
2024-04-13 23:23:17,991 - INFO - PERFORMANCE create_readme_md Stop Time = 2024-04-13 23:23:17
2024-04-13 23:23:17,991 - INFO - PERFORMANCE create_readme_md Short process duration less than 3 Seconds:0.19
2024-04-13 23:23:17,991 - INFO - PERFORMANCE create_readme_md Performance optimization is not reccomended
2024-04-13 23:23:17,991 - INFO - END create_readme_md =============================================

<<<<<<<<<<<<<<<<<<<<<<<<<<<<<<<<<<<<<<<<<<<<<<<<<<<<<<<<<<<<<<<<<<<<<<<<<<<<<<<<<<<<<<<<<<<<<<<<<<<<<<<<<<<<<<<<<<<<<<<<
                                                                                                                        
                                                                                                                        
>>>>>>>>>>>>>>>>>>>>>>>>>>>>>>>>>>>>>>>>>>>>>>>>>>>>>>>>>>>>>>>>>>>>>>>>>>>>>>>>>>>>>>>>>>>>>>>>>>>>>>>>>>>>>>>>>>>>>>>>
2024-04-14 00:24:46,945 - INFO - START create_readme_md =============================================
2024-04-14 00:24:46,945 - INFO - START create_readme_md Start Time = 2024-04-14 00:24:46
2024-04-14 00:24:46,945 - INFO - create_readme_md Step 0 - Initialize the configuration file parser
2024-04-14 00:24:46,945 - INFO - Process create_readme_md Step 0 - Initializing and starting Logging Process.
2024-04-14 00:24:47,145 - INFO - PERFORMANCE create_readme_md The total process duration was:0.20
2024-04-14 00:24:47,145 - INFO - PERFORMANCE create_readme_md Stop Time = 2024-04-14 00:24:47
2024-04-14 00:24:47,145 - INFO - PERFORMANCE create_readme_md Short process duration less than 3 Seconds:0.20
2024-04-14 00:24:47,145 - INFO - PERFORMANCE create_readme_md Performance optimization is not reccomended
2024-04-14 00:24:47,145 - INFO - END create_readme_md =============================================

<<<<<<<<<<<<<<<<<<<<<<<<<<<<<<<<<<<<<<<<<<<<<<<<<<<<<<<<<<<<<<<<<<<<<<<<<<<<<<<<<<<<<<<<<<<<<<<<<<<<<<<<<<<<<<<<<<<<<<<<
                                                                                                                        
                                                                                                                        
>>>>>>>>>>>>>>>>>>>>>>>>>>>>>>>>>>>>>>>>>>>>>>>>>>>>>>>>>>>>>>>>>>>>>>>>>>>>>>>>>>>>>>>>>>>>>>>>>>>>>>>>>>>>>>>>>>>>>>>>
2024-04-25 19:37:56,555 - INFO - START create_readme_md =============================================
2024-04-25 19:37:56,555 - INFO - START create_readme_md Start Time = 2024-04-25 19:37:56
2024-04-25 19:37:56,555 - INFO - create_readme_md Step 0 - Initialize the configuration file parser
2024-04-25 19:37:56,555 - INFO - Process create_readme_md Step 0 - Initializing and starting Logging Process.
2024-04-25 19:37:58,462 - INFO - PERFORMANCE create_readme_md The total process duration was:1.91
2024-04-25 19:37:58,462 - INFO - PERFORMANCE create_readme_md Stop Time = 2024-04-25 19:37:58
2024-04-25 19:37:58,462 - INFO - PERFORMANCE create_readme_md Short process duration less than 3 Seconds:1.91
2024-04-25 19:37:58,462 - INFO - PERFORMANCE create_readme_md Performance optimization is not reccomended
2024-04-25 19:37:58,462 - INFO - END create_readme_md =============================================

<<<<<<<<<<<<<<<<<<<<<<<<<<<<<<<<<<<<<<<<<<<<<<<<<<<<<<<<<<<<<<<<<<<<<<<<<<<<<<<<<<<<<<<<<<<<<<<<<<<<<<<<<<<<<<<<<<<<<<<<
                                                                                                                        
